{
  "stats": {
    "suites": 1,
    "tests": 10,
    "passes": 10,
    "pending": 0,
    "failures": 0,
    "start": "2022-11-13T12:05:38.617Z",
    "end": "2022-11-13T12:05:38.670Z",
    "duration": 53,
    "testsRegistered": 10,
    "passPercent": 100,
    "pendingPercent": 0,
    "other": 0,
    "hasOther": false,
    "skipped": 0,
    "hasSkipped": false
  },
  "results": [
    {
      "uuid": "24e4b1a5-4046-4e3c-97b5-7a2a74aa819f",
      "title": "",
      "fullFile": "D:\\Education\\3 курс 1 сем\\TestingKursEpam\\Laba7\\UnitTestCalculator\\test\\specs\\MethodAddAndMultiply.spec.js",
      "file": "\\test\\specs\\MethodAddAndMultiply.spec.js",
      "beforeHooks": [],
      "afterHooks": [],
      "tests": [],
      "suites": [
        {
          "uuid": "d977d357-318c-44a7-8bf3-161cdd3f237b",
          "title": "Method add and multiply in calculator",
          "fullFile": "D:\\Education\\3 курс 1 сем\\TestingKursEpam\\Laba7\\UnitTestCalculator\\test\\specs\\MethodAddAndMultiply.spec.js",
          "file": "\\test\\specs\\MethodAddAndMultiply.spec.js",
          "beforeHooks": [
            {
              "title": "\"before each\" hook in \"Method add and multiply in calculator\"",
              "fullTitle": "Method add and multiply in calculator \"before each\" hook in \"Method add and multiply in calculator\"",
              "timedOut": false,
              "duration": 0,
              "state": null,
              "speed": null,
              "pass": false,
              "fail": false,
              "pending": false,
              "context": null,
              "code": "calc = new Calculator();",
              "err": {},
              "uuid": "c2cdc9fb-9247-4834-bb5b-187f13a44681",
              "parentUUID": "d977d357-318c-44a7-8bf3-161cdd3f237b",
              "isHook": true,
              "skipped": false
            }
          ],
          "afterHooks": [
            {
              "title": "\"after each\" hook in \"Method add and multiply in calculator\"",
              "fullTitle": "Method add and multiply in calculator \"after each\" hook in \"Method add and multiply in calculator\"",
              "timedOut": false,
              "duration": 0,
              "state": null,
              "speed": null,
              "pass": false,
              "fail": false,
              "pending": false,
              "context": null,
              "code": "calc = null;",
              "err": {},
              "uuid": "6a65e58e-a39f-435a-ad34-b02b84baa589",
              "parentUUID": "d977d357-318c-44a7-8bf3-161cdd3f237b",
              "isHook": true,
              "skipped": false
            }
          ],
          "tests": [
            {
              "title": "should return 8 when called with numbers 3 and 5",
              "fullTitle": "Method add and multiply in calculator should return 8 when called with numbers 3 and 5",
              "timedOut": false,
              "duration": 1,
              "state": "passed",
              "speed": "fast",
              "pass": true,
              "fail": false,
              "pending": false,
              "context": null,
              "code": "expect(calc.methodadd(3,5)).to.be.equal(8);",
              "err": {},
              "uuid": "1c0e62a9-0299-4991-8b4f-67e6d4846097",
              "parentUUID": "d977d357-318c-44a7-8bf3-161cdd3f237b",
              "isHook": false,
              "skipped": false
            },
            {
              "title": "should return 8.6 when called with numbers 3.2 and 5.4",
              "fullTitle": "Method add and multiply in calculator should return 8.6 when called with numbers 3.2 and 5.4",
              "timedOut": false,
              "duration": 0,
              "state": "passed",
              "speed": "fast",
              "pass": true,
              "fail": false,
              "pending": false,
              "context": null,
              "code": "expect(calc.methodadd(3.2,5.4)).to.be.equal(8.600000000000001);",
              "err": {},
              "uuid": "83674ff8-8209-4676-a633-e6daba504e8e",
              "parentUUID": "d977d357-318c-44a7-8bf3-161cdd3f237b",
              "isHook": false,
              "skipped": false
            },
            {
              "title": "should return 200 when called with numbers 10 and 20",
              "fullTitle": "Method add and multiply in calculator should return 200 when called with numbers 10 and 20",
              "timedOut": false,
              "duration": 0,
              "state": "passed",
              "speed": "fast",
              "pass": true,
              "fail": false,
              "pending": false,
              "context": null,
              "code": "expect(calc.methodmultiply(10,20)).to.be.equal(200);",
              "err": {},
              "uuid": "e7b670ce-89a0-4a60-b4fb-d224b54adbe8",
              "parentUUID": "d977d357-318c-44a7-8bf3-161cdd3f237b",
              "isHook": false,
              "skipped": false
            },
            {
              "title": "should return 1000 when called with numbers 100 and 10",
              "fullTitle": "Method add and multiply in calculator should return 1000 when called with numbers 100 and 10",
              "timedOut": false,
              "duration": 0,
              "state": "passed",
              "speed": "fast",
              "pass": true,
              "fail": false,
              "pending": false,
              "context": null,
              "code": "expect(calc.methodmultiply(100,10)).to.be.equal(1000);",
              "err": {},
              "uuid": "bd573b74-747f-4b7d-9a21-c386ffba71ef",
              "parentUUID": "d977d357-318c-44a7-8bf3-161cdd3f237b",
              "isHook": false,
              "skipped": false
            },
            {
              "title": "should return 20 when called with numbers 40 and 20",
              "fullTitle": "Method add and multiply in calculator should return 20 when called with numbers 40 and 20",
              "timedOut": false,
              "duration": 1,
              "state": "passed",
              "speed": "fast",
              "pass": true,
              "fail": false,
              "pending": false,
              "context": null,
              "code": "expect(calc.methodsubtraction(40,20)).to.be.equal(20);",
              "err": {},
              "uuid": "dbe6e8e5-4fcb-4f84-8eba-422bc0f30556",
              "parentUUID": "d977d357-318c-44a7-8bf3-161cdd3f237b",
              "isHook": false,
              "skipped": false
            },
            {
              "title": "should return 6400 when called with numbers 10000 and 3600",
              "fullTitle": "Method add and multiply in calculator should return 6400 when called with numbers 10000 and 3600",
              "timedOut": false,
              "duration": 0,
              "state": "passed",
              "speed": "fast",
              "pass": true,
              "fail": false,
              "pending": false,
              "context": null,
              "code": "expect(calc.methodsubtraction(10000,3600)).to.be.equal(6400);",
              "err": {},
              "uuid": "fa830932-4077-47d7-a5bb-8d485ec16ed2",
              "parentUUID": "d977d357-318c-44a7-8bf3-161cdd3f237b",
              "isHook": false,
              "skipped": false
            },
            {
              "title": "should return 2 when called with numbers 20 and 10",
              "fullTitle": "Method add and multiply in calculator should return 2 when called with numbers 20 and 10",
              "timedOut": false,
              "duration": 0,
              "state": "passed",
              "speed": "fast",
              "pass": true,
              "fail": false,
              "pending": false,
              "context": null,
              "code": "expect(calc.methoddivision(20,10)).to.be.equal(2);",
              "err": {},
              "uuid": "ad04b693-5ca2-41ab-9fe4-f6b0a3b4b5d4",
              "parentUUID": "d977d357-318c-44a7-8bf3-161cdd3f237b",
              "isHook": false,
              "skipped": false
            },
            {
              "title": "should return 1 when called with numbers 100 and 100",
              "fullTitle": "Method add and multiply in calculator should return 1 when called with numbers 100 and 100",
              "timedOut": false,
              "duration": 0,
              "state": "passed",
              "speed": "fast",
              "pass": true,
              "fail": false,
              "pending": false,
              "context": null,
              "code": "expect(calc.methoddivision(100,100)).to.be.equal(1);",
              "err": {},
              "uuid": "0b78ec7e-97b5-473c-a667-7328a5128b57",
              "parentUUID": "d977d357-318c-44a7-8bf3-161cdd3f237b",
              "isHook": false,
              "skipped": false
            },
            {
              "title": "should return 4 when called with number 2 in degree 2",
              "fullTitle": "Method add and multiply in calculator should return 4 when called with number 2 in degree 2",
              "timedOut": false,
              "duration": 1,
              "state": "passed",
              "speed": "fast",
              "pass": true,
              "fail": false,
              "pending": false,
              "context": null,
              "code": "expect(calc.methodpow(2,2)).to.be.equal(4);",
              "err": {},
              "uuid": "94f85f6d-2314-4203-8aed-7cd8b5599ee5",
              "parentUUID": "d977d357-318c-44a7-8bf3-161cdd3f237b",
              "isHook": false,
              "skipped": false
            },
            {
              "title": "should return 64 when called with number 8 in degree 2",
              "fullTitle": "Method add and multiply in calculator should return 64 when called with number 8 in degree 2",
              "timedOut": false,
              "duration": 0,
              "state": "passed",
              "speed": "fast",
              "pass": true,
              "fail": false,
              "pending": false,
              "context": null,
              "code": "expect(calc.methodpow(8,2)).to.be.equal(64);",
              "err": {},
              "uuid": "e635a8d6-2d75-4cfa-a729-308cfeaf1c67",
              "parentUUID": "d977d357-318c-44a7-8bf3-161cdd3f237b",
              "isHook": false,
              "skipped": false
            }
          ],
          "suites": [],
          "passes": [
            "1c0e62a9-0299-4991-8b4f-67e6d4846097",
            "83674ff8-8209-4676-a633-e6daba504e8e",
            "e7b670ce-89a0-4a60-b4fb-d224b54adbe8",
            "bd573b74-747f-4b7d-9a21-c386ffba71ef",
            "dbe6e8e5-4fcb-4f84-8eba-422bc0f30556",
            "fa830932-4077-47d7-a5bb-8d485ec16ed2",
            "ad04b693-5ca2-41ab-9fe4-f6b0a3b4b5d4",
            "0b78ec7e-97b5-473c-a667-7328a5128b57",
            "94f85f6d-2314-4203-8aed-7cd8b5599ee5",
            "e635a8d6-2d75-4cfa-a729-308cfeaf1c67"
          ],
          "failures": [],
          "pending": [],
          "skipped": [],
          "duration": 3,
          "root": false,
          "rootEmpty": false,
          "_timeout": 2000
        }
      ],
      "passes": [],
      "failures": [],
      "pending": [],
      "skipped": [],
      "duration": 0,
      "root": true,
      "rootEmpty": true,
      "_timeout": 2000
    }
  ],
  "meta": {
    "mocha": {
      "version": "10.1.0"
    },
    "mochawesome": {
      "options": {
        "quiet": false,
        "reportFilename": "mochawesome",
        "saveHtml": true,
        "saveJson": true,
        "consoleReporter": "spec",
        "useInlineDiffs": false,
        "code": true
      },
      "version": "7.1.3"
    },
    "marge": {
      "options": null,
      "version": "6.2.0"
    }
  }
}