{
  "stats": {
    "suites": 1,
    "tests": 2,
    "passes": 2,
    "pending": 0,
    "failures": 0,
    "start": "2022-11-04T18:43:44.036Z",
    "end": "2022-11-04T18:43:44.044Z",
    "duration": 8,
    "testsRegistered": 2,
    "passPercent": 100,
    "pendingPercent": 0,
    "other": 0,
    "hasOther": false,
    "skipped": 0,
    "hasSkipped": false
  },
  "results": [
    {
      "uuid": "12db6733-0761-4ede-99ef-42a2563eacca",
      "title": "",
      "fullFile": "D:\\Education\\3 курс 1 сем\\TestingKursEpam\\Laba7\\UnitTestCalculator\\test\\specs\\MethodAddAndMultiply.spec.js",
      "file": "\\test\\specs\\MethodAddAndMultiply.spec.js",
      "beforeHooks": [],
      "afterHooks": [],
      "tests": [],
      "suites": [
        {
          "uuid": "380a96fb-cea8-47c2-9850-2d3fb14bd7d4",
          "title": "Method add and multiply in calculator",
          "fullFile": "D:\\Education\\3 курс 1 сем\\TestingKursEpam\\Laba7\\UnitTestCalculator\\test\\specs\\MethodAddAndMultiply.spec.js",
          "file": "\\test\\specs\\MethodAddAndMultiply.spec.js",
          "beforeHooks": [
            {
              "title": "\"before each\" hook in \"Method add and multiply in calculator\"",
              "fullTitle": "Method add and multiply in calculator \"before each\" hook in \"Method add and multiply in calculator\"",
              "timedOut": false,
              "duration": 0,
              "state": null,
              "speed": null,
              "pass": false,
              "fail": false,
              "pending": false,
              "context": null,
              "code": "calc = new Calculator();",
              "err": {},
              "uuid": "00989cb9-ca2f-4e74-8780-d2dfb6a34ead",
              "parentUUID": "380a96fb-cea8-47c2-9850-2d3fb14bd7d4",
              "isHook": true,
              "skipped": false
            }
          ],
          "afterHooks": [
            {
              "title": "\"after each\" hook in \"Method add and multiply in calculator\"",
              "fullTitle": "Method add and multiply in calculator \"after each\" hook in \"Method add and multiply in calculator\"",
              "timedOut": false,
              "duration": 0,
              "state": null,
              "speed": null,
              "pass": false,
              "fail": false,
              "pending": false,
              "context": null,
              "code": "calc = null;",
              "err": {},
              "uuid": "b784dc14-839d-47e2-a4cf-a44b479e47a1",
              "parentUUID": "380a96fb-cea8-47c2-9850-2d3fb14bd7d4",
              "isHook": true,
              "skipped": false
            }
          ],
          "tests": [
            {
              "title": "should return 8 when called with numbers 3 and 5",
              "fullTitle": "Method add and multiply in calculator should return 8 when called with numbers 3 and 5",
              "timedOut": false,
              "duration": 0,
              "state": "passed",
              "speed": "fast",
              "pass": true,
              "fail": false,
              "pending": false,
              "context": null,
              "code": "expect(calc.methodadd(3,5)).to.be.equal(8);",
              "err": {},
              "uuid": "050eb4f3-bb4b-4534-9085-27d324ca7bfc",
              "parentUUID": "380a96fb-cea8-47c2-9850-2d3fb14bd7d4",
              "isHook": false,
              "skipped": false
            },
            {
              "title": "should return 20 when called with numbers 10 and 20",
              "fullTitle": "Method add and multiply in calculator should return 20 when called with numbers 10 and 20",
              "timedOut": false,
              "duration": 0,
              "state": "passed",
              "speed": "fast",
              "pass": true,
              "fail": false,
              "pending": false,
              "context": null,
              "code": "expect(calc.methodmultiply(10,20)).to.be.equal(200);",
              "err": {},
              "uuid": "e09a0af9-bf48-4570-a97a-8a3f71c89512",
              "parentUUID": "380a96fb-cea8-47c2-9850-2d3fb14bd7d4",
              "isHook": false,
              "skipped": false
            }
          ],
          "suites": [],
          "passes": [
            "050eb4f3-bb4b-4534-9085-27d324ca7bfc",
            "e09a0af9-bf48-4570-a97a-8a3f71c89512"
          ],
          "failures": [],
          "pending": [],
          "skipped": [],
          "duration": 0,
          "root": false,
          "rootEmpty": false,
          "_timeout": 2000
        }
      ],
      "passes": [],
      "failures": [],
      "pending": [],
      "skipped": [],
      "duration": 0,
      "root": true,
      "rootEmpty": true,
      "_timeout": 2000
    }
  ],
  "meta": {
    "mocha": {
      "version": "10.1.0"
    },
    "mochawesome": {
      "options": {
        "quiet": false,
        "reportFilename": "mochawesome",
        "saveHtml": true,
        "saveJson": true,
        "consoleReporter": "spec",
        "useInlineDiffs": false,
        "code": true
      },
      "version": "7.1.3"
    },
    "marge": {
      "options": null,
      "version": "6.2.0"
    }
  }
}